Построение начато 23.04.2017 23:44:42.
     1>Проект "C:\Users\DDD\Documents\Visual Studio 2012\Projects\Курсовая\Binar\Binar.vcxproj" в узле 2 (целевые объекты Build).
     1>ClCompile:
         C:\Program Files (x86)\Microsoft Visual Studio 11.0\VC\bin\x86_amd64\CL.exe /c /IC:\opencv\build\include /Zi /nologo /W3 /WX- /Od /D WIN32 /D _DEBUG /D _CONSOLE /D _UNICODE /D UNICODE /Gm /EHsc /RTC1 /MDd /GS /fp:precise /Zc:wchar_t /Zc:forScope /Fo"x64\Debug\\" /Fd"x64\Debug\vc110.pdb" /Gd /TP /errorReport:prompt "Исходный код.cpp"
         Исходный код.cpp
     1>Исходный код.cpp(60): warning C4244: =: преобразование "double" в "int", возможна потеря данных
     1>Исходный код.cpp(93): warning C4244: =: преобразование "double" в "int", возможна потеря данных
     1>Исходный код.cpp(94): warning C4244: =: преобразование "double" в "int", возможна потеря данных
     1>Исходный код.cpp(104): warning C4244: =: преобразование "double" в "int", возможна потеря данных
     1>Исходный код.cpp(105): warning C4244: =: преобразование "double" в "int", возможна потеря данных
     1>Исходный код.cpp(111): warning C4244: =: преобразование "double" в "int", возможна потеря данных
     1>Исходный код.cpp(112): warning C4244: =: преобразование "double" в "int", возможна потеря данных
     1>Исходный код.cpp(131): warning C4244: =: преобразование "double" в "int", возможна потеря данных
     1>Исходный код.cpp(132): warning C4244: =: преобразование "double" в "int", возможна потеря данных
     1>Исходный код.cpp(134): warning C4244: =: преобразование "double" в "int", возможна потеря данных
     1>Исходный код.cpp(135): warning C4244: =: преобразование "double" в "int", возможна потеря данных
     1>Исходный код.cpp(144): warning C4244: аргумент: преобразование "double" в "int", возможна потеря данных
     1>Исходный код.cpp(150): warning C4244: аргумент: преобразование "double" в "int", возможна потеря данных
     1>Исходный код.cpp(163): warning C4244: аргумент: преобразование "double" в "int", возможна потеря данных
     1>Исходный код.cpp(166): warning C4244: аргумент: преобразование "double" в "int", возможна потеря данных
     1>Исходный код.cpp(169): warning C4244: аргумент: преобразование "double" в "int", возможна потеря данных
       Link:
         C:\Program Files (x86)\Microsoft Visual Studio 11.0\VC\bin\x86_amd64\link.exe /ERRORREPORT:PROMPT /OUT:"C:\Users\DDD\Documents\Visual Studio 2012\Projects\Курсовая\x64\Debug\Binar.exe" /INCREMENTAL /NOLOGO /LIBPATH:C:\opencv\build\x64\vc12\lib opencv_calib3d2413d.lib opencv_contrib2413d.lib opencv_core2413d.lib opencv_features2d2413d.lib opencv_flann2413d.lib opencv_gpu2413d.lib opencv_highgui2413d.lib opencv_imgproc2413d.lib opencv_legacy2413d.lib opencv_ml2413d.lib opencv_nonfree2413d.lib opencv_objdetect2413d.lib opencv_ocl2413d.lib opencv_photo2413d.lib opencv_stitching2413d.lib opencv_superres2413d.lib opencv_ts2413d.lib opencv_video2413d.lib opencv_videostab2413d.lib kernel32.lib user32.lib gdi32.lib winspool.lib comdlg32.lib advapi32.lib shell32.lib ole32.lib oleaut32.lib uuid.lib odbc32.lib odbccp32.lib /MANIFEST /MANIFESTUAC:"level='asInvoker' uiAccess='false'" /manifest:embed /DEBUG /PDB:"C:\Users\DDD\Documents\Visual Studio 2012\Projects\Курсовая\x64\Debug\Binar.pdb" /SUBSYSTEM:CONSOLE /TLBID:1 /DYNAMICBASE /NXCOMPAT /IMPLIB:"C:\Users\DDD\Documents\Visual Studio 2012\Projects\Курсовая\x64\Debug\Binar.lib" /MACHINE:X64 "x64\Debug\Исходный код.obj"
         Binar.vcxproj -> C:\Users\DDD\Documents\Visual Studio 2012\Projects\Курсовая\x64\Debug\Binar.exe
     1>Построение проекта "C:\Users\DDD\Documents\Visual Studio 2012\Projects\Курсовая\Binar\Binar.vcxproj" завершено (целевые объекты Build).

Построение успешно завершено.

Затраченное время: 00:00:02.93
