C:\USERS\DDD\DOCUMENTS\VISUAL STUDIO 2012\PROJECTS\Курсовая\BINAR\X64\DEBUG\Исходный код.OBJ
C:\USERS\DDD\DOCUMENTS\VISUAL STUDIO 2012\PROJECTS\КУРСОВАЯ\BINAR\X64\DEBUG\VC110.PDB
C:\USERS\DDD\DOCUMENTS\VISUAL STUDIO 2012\PROJECTS\Курсовая\X64\DEBUG\BINAR.ILK
C:\USERS\DDD\DOCUMENTS\VISUAL STUDIO 2012\PROJECTS\Курсовая\X64\DEBUG\BINAR.EXE
C:\USERS\DDD\DOCUMENTS\VISUAL STUDIO 2012\PROJECTS\КУРСОВАЯ\X64\DEBUG\BINAR.PDB
C:\Users\DDD\Documents\Visual Studio 2012\Projects\Курсовая\Binar\x64\Debug\Исходный код.obj
C:\Users\DDD\Documents\Visual Studio 2012\Projects\Курсовая\Binar\x64\Debug\cl.command.1.tlog
C:\Users\DDD\Documents\Visual Studio 2012\Projects\Курсовая\Binar\x64\Debug\CL.read.1.tlog
C:\Users\DDD\Documents\Visual Studio 2012\Projects\Курсовая\Binar\x64\Debug\CL.write.1.tlog
C:\Users\DDD\Documents\Visual Studio 2012\Projects\Курсовая\Binar\x64\Debug\link-cvtres.read.1.tlog
C:\Users\DDD\Documents\Visual Studio 2012\Projects\Курсовая\Binar\x64\Debug\link-cvtres.write.1.tlog
C:\Users\DDD\Documents\Visual Studio 2012\Projects\Курсовая\Binar\x64\Debug\link-rc.read.1.tlog
C:\Users\DDD\Documents\Visual Studio 2012\Projects\Курсовая\Binar\x64\Debug\link-rc.write.1.tlog
C:\Users\DDD\Documents\Visual Studio 2012\Projects\Курсовая\Binar\x64\Debug\link.112-cvtres.read.1.tlog
C:\Users\DDD\Documents\Visual Studio 2012\Projects\Курсовая\Binar\x64\Debug\link.112-cvtres.write.1.tlog
C:\Users\DDD\Documents\Visual Studio 2012\Projects\Курсовая\Binar\x64\Debug\link.112-rc.read.1.tlog
C:\Users\DDD\Documents\Visual Studio 2012\Projects\Курсовая\Binar\x64\Debug\link.112-rc.write.1.tlog
C:\Users\DDD\Documents\Visual Studio 2012\Projects\Курсовая\Binar\x64\Debug\link.112.read.1.tlog
C:\Users\DDD\Documents\Visual Studio 2012\Projects\Курсовая\Binar\x64\Debug\link.112.write.1.tlog
C:\Users\DDD\Documents\Visual Studio 2012\Projects\Курсовая\Binar\x64\Debug\link.11776-cvtres.read.1.tlog
C:\Users\DDD\Documents\Visual Studio 2012\Projects\Курсовая\Binar\x64\Debug\link.11776-cvtres.write.1.tlog
C:\Users\DDD\Documents\Visual Studio 2012\Projects\Курсовая\Binar\x64\Debug\link.11776-rc.read.1.tlog
C:\Users\DDD\Documents\Visual Studio 2012\Projects\Курсовая\Binar\x64\Debug\link.11776-rc.write.1.tlog
C:\Users\DDD\Documents\Visual Studio 2012\Projects\Курсовая\Binar\x64\Debug\link.11776.read.1.tlog
C:\Users\DDD\Documents\Visual Studio 2012\Projects\Курсовая\Binar\x64\Debug\link.11776.write.1.tlog
C:\Users\DDD\Documents\Visual Studio 2012\Projects\Курсовая\Binar\x64\Debug\link.2836-cvtres.read.1.tlog
C:\Users\DDD\Documents\Visual Studio 2012\Projects\Курсовая\Binar\x64\Debug\link.2836-cvtres.write.1.tlog
C:\Users\DDD\Documents\Visual Studio 2012\Projects\Курсовая\Binar\x64\Debug\link.2836-rc.read.1.tlog
C:\Users\DDD\Documents\Visual Studio 2012\Projects\Курсовая\Binar\x64\Debug\link.2836-rc.write.1.tlog
C:\Users\DDD\Documents\Visual Studio 2012\Projects\Курсовая\Binar\x64\Debug\link.2836.read.1.tlog
C:\Users\DDD\Documents\Visual Studio 2012\Projects\Курсовая\Binar\x64\Debug\link.2836.write.1.tlog
C:\Users\DDD\Documents\Visual Studio 2012\Projects\Курсовая\Binar\x64\Debug\link.3100-cvtres.read.1.tlog
C:\Users\DDD\Documents\Visual Studio 2012\Projects\Курсовая\Binar\x64\Debug\link.3100-cvtres.write.1.tlog
C:\Users\DDD\Documents\Visual Studio 2012\Projects\Курсовая\Binar\x64\Debug\link.3100-rc.read.1.tlog
C:\Users\DDD\Documents\Visual Studio 2012\Projects\Курсовая\Binar\x64\Debug\link.3100-rc.write.1.tlog
C:\Users\DDD\Documents\Visual Studio 2012\Projects\Курсовая\Binar\x64\Debug\link.3100.read.1.tlog
C:\Users\DDD\Documents\Visual Studio 2012\Projects\Курсовая\Binar\x64\Debug\link.3100.write.1.tlog
C:\Users\DDD\Documents\Visual Studio 2012\Projects\Курсовая\Binar\x64\Debug\link.372-cvtres.read.1.tlog
C:\Users\DDD\Documents\Visual Studio 2012\Projects\Курсовая\Binar\x64\Debug\link.372-cvtres.write.1.tlog
C:\Users\DDD\Documents\Visual Studio 2012\Projects\Курсовая\Binar\x64\Debug\link.372-rc.read.1.tlog
C:\Users\DDD\Documents\Visual Studio 2012\Projects\Курсовая\Binar\x64\Debug\link.372-rc.write.1.tlog
C:\Users\DDD\Documents\Visual Studio 2012\Projects\Курсовая\Binar\x64\Debug\link.372.read.1.tlog
C:\Users\DDD\Documents\Visual Studio 2012\Projects\Курсовая\Binar\x64\Debug\link.372.write.1.tlog
C:\Users\DDD\Documents\Visual Studio 2012\Projects\Курсовая\Binar\x64\Debug\link.6888-cvtres.read.1.tlog
C:\Users\DDD\Documents\Visual Studio 2012\Projects\Курсовая\Binar\x64\Debug\link.6888-cvtres.write.1.tlog
C:\Users\DDD\Documents\Visual Studio 2012\Projects\Курсовая\Binar\x64\Debug\link.6888-rc.read.1.tlog
C:\Users\DDD\Documents\Visual Studio 2012\Projects\Курсовая\Binar\x64\Debug\link.6888-rc.write.1.tlog
C:\Users\DDD\Documents\Visual Studio 2012\Projects\Курсовая\Binar\x64\Debug\link.6888.read.1.tlog
C:\Users\DDD\Documents\Visual Studio 2012\Projects\Курсовая\Binar\x64\Debug\link.6888.write.1.tlog
C:\Users\DDD\Documents\Visual Studio 2012\Projects\Курсовая\Binar\x64\Debug\link.8304-cvtres.read.1.tlog
C:\Users\DDD\Documents\Visual Studio 2012\Projects\Курсовая\Binar\x64\Debug\link.8304-cvtres.write.1.tlog
C:\Users\DDD\Documents\Visual Studio 2012\Projects\Курсовая\Binar\x64\Debug\link.8304-rc.read.1.tlog
C:\Users\DDD\Documents\Visual Studio 2012\Projects\Курсовая\Binar\x64\Debug\link.8304-rc.write.1.tlog
C:\Users\DDD\Documents\Visual Studio 2012\Projects\Курсовая\Binar\x64\Debug\link.8304.read.1.tlog
C:\Users\DDD\Documents\Visual Studio 2012\Projects\Курсовая\Binar\x64\Debug\link.8304.write.1.tlog
C:\Users\DDD\Documents\Visual Studio 2012\Projects\Курсовая\Binar\x64\Debug\link.8572-cvtres.read.1.tlog
C:\Users\DDD\Documents\Visual Studio 2012\Projects\Курсовая\Binar\x64\Debug\link.8572-cvtres.write.1.tlog
C:\Users\DDD\Documents\Visual Studio 2012\Projects\Курсовая\Binar\x64\Debug\link.8572-rc.read.1.tlog
C:\Users\DDD\Documents\Visual Studio 2012\Projects\Курсовая\Binar\x64\Debug\link.8572-rc.write.1.tlog
C:\Users\DDD\Documents\Visual Studio 2012\Projects\Курсовая\Binar\x64\Debug\link.8572.read.1.tlog
C:\Users\DDD\Documents\Visual Studio 2012\Projects\Курсовая\Binar\x64\Debug\link.8572.write.1.tlog
C:\Users\DDD\Documents\Visual Studio 2012\Projects\Курсовая\Binar\x64\Debug\link.9868-cvtres.read.1.tlog
C:\Users\DDD\Documents\Visual Studio 2012\Projects\Курсовая\Binar\x64\Debug\link.9868-cvtres.write.1.tlog
C:\Users\DDD\Documents\Visual Studio 2012\Projects\Курсовая\Binar\x64\Debug\link.9868-rc.read.1.tlog
C:\Users\DDD\Documents\Visual Studio 2012\Projects\Курсовая\Binar\x64\Debug\link.9868-rc.write.1.tlog
C:\Users\DDD\Documents\Visual Studio 2012\Projects\Курсовая\Binar\x64\Debug\link.9868.read.1.tlog
C:\Users\DDD\Documents\Visual Studio 2012\Projects\Курсовая\Binar\x64\Debug\link.9868.write.1.tlog
C:\Users\DDD\Documents\Visual Studio 2012\Projects\Курсовая\Binar\x64\Debug\link.command.1.tlog
C:\Users\DDD\Documents\Visual Studio 2012\Projects\Курсовая\Binar\x64\Debug\link.read.1.tlog
C:\Users\DDD\Documents\Visual Studio 2012\Projects\Курсовая\Binar\x64\Debug\link.write.1.tlog
C:\Users\DDD\Documents\Visual Studio 2012\Projects\Курсовая\Binar\x64\Debug\vc110.idb
C:\Users\DDD\Documents\Visual Studio 2012\Projects\Курсовая\Binar\x64\Debug\vc110.pdb
C:\Users\DDD\Documents\Visual Studio 2012\Projects\Курсовая\x64\Debug\Binar.pdb
C:\Users\DDD\Documents\Visual Studio 2012\Projects\Курсовая\x64\Debug\Binar.exe
C:\Users\DDD\Documents\Visual Studio 2012\Projects\Курсовая\x64\Debug\Binar.ilk
